C:\USERS\LENOVO\DOCUMENTS\VISUAL STUDIO 2010\PROJECTS\FAN\DEBUG\FAN.EXE
C:\USERS\LENOVO\DOCUMENTS\VISUAL STUDIO 2010\PROJECTS\FAN\DEBUG\FAN.ILK
C:\USERS\LENOVO\DOCUMENTS\VISUAL STUDIO 2010\PROJECTS\FAN\DEBUG\FAN.PDB
C:\Users\lenovo\Documents\Visual Studio 2010\Projects\fan\fan\Debug\cl.command.1.tlog
C:\Users\lenovo\Documents\Visual Studio 2010\Projects\fan\fan\Debug\CL.read.1.tlog
C:\Users\lenovo\Documents\Visual Studio 2010\Projects\fan\fan\Debug\CL.write.1.tlog
C:\USERS\LENOVO\DOCUMENTS\VISUAL STUDIO 2010\PROJECTS\FAN\FAN\DEBUG\FAN.EXE.EMBED.MANIFEST
C:\USERS\LENOVO\DOCUMENTS\VISUAL STUDIO 2010\PROJECTS\FAN\FAN\DEBUG\FAN.EXE.EMBED.MANIFEST.RES
C:\USERS\LENOVO\DOCUMENTS\VISUAL STUDIO 2010\PROJECTS\FAN\FAN\DEBUG\FAN.EXE.INTERMEDIATE.MANIFEST
C:\USERS\LENOVO\DOCUMENTS\VISUAL STUDIO 2010\PROJECTS\FAN\FAN\DEBUG\FAN.OBJ
C:\USERS\LENOVO\DOCUMENTS\VISUAL STUDIO 2010\PROJECTS\FAN\FAN\DEBUG\FAN.PCH
C:\Users\lenovo\Documents\Visual Studio 2010\Projects\fan\fan\Debug\fan.vcxprojResolveAssemblyReference.cache
C:\Users\lenovo\Documents\Visual Studio 2010\Projects\fan\fan\Debug\fan.write.1.tlog
C:\Users\lenovo\Documents\Visual Studio 2010\Projects\fan\fan\Debug\fan_manifest.rc
C:\Users\lenovo\Documents\Visual Studio 2010\Projects\fan\fan\Debug\link.10464.read.1.tlog
C:\Users\lenovo\Documents\Visual Studio 2010\Projects\fan\fan\Debug\link.10464.write.1.tlog
C:\Users\lenovo\Documents\Visual Studio 2010\Projects\fan\fan\Debug\link.10464-cvtres.read.1.tlog
C:\Users\lenovo\Documents\Visual Studio 2010\Projects\fan\fan\Debug\link.10464-cvtres.write.1.tlog
C:\Users\lenovo\Documents\Visual Studio 2010\Projects\fan\fan\Debug\link.4016.read.1.tlog
C:\Users\lenovo\Documents\Visual Studio 2010\Projects\fan\fan\Debug\link.4016.write.1.tlog
C:\Users\lenovo\Documents\Visual Studio 2010\Projects\fan\fan\Debug\link.4016-cvtres.read.1.tlog
C:\Users\lenovo\Documents\Visual Studio 2010\Projects\fan\fan\Debug\link.4016-cvtres.write.1.tlog
C:\Users\lenovo\Documents\Visual Studio 2010\Projects\fan\fan\Debug\link.6020.read.1.tlog
C:\Users\lenovo\Documents\Visual Studio 2010\Projects\fan\fan\Debug\link.6020.write.1.tlog
C:\Users\lenovo\Documents\Visual Studio 2010\Projects\fan\fan\Debug\link.6020-cvtres.read.1.tlog
C:\Users\lenovo\Documents\Visual Studio 2010\Projects\fan\fan\Debug\link.6020-cvtres.write.1.tlog
C:\Users\lenovo\Documents\Visual Studio 2010\Projects\fan\fan\Debug\link.6744.read.1.tlog
C:\Users\lenovo\Documents\Visual Studio 2010\Projects\fan\fan\Debug\link.6744.write.1.tlog
C:\Users\lenovo\Documents\Visual Studio 2010\Projects\fan\fan\Debug\link.6744-cvtres.read.1.tlog
C:\Users\lenovo\Documents\Visual Studio 2010\Projects\fan\fan\Debug\link.6744-cvtres.write.1.tlog
C:\Users\lenovo\Documents\Visual Studio 2010\Projects\fan\fan\Debug\link.command.1.tlog
C:\Users\lenovo\Documents\Visual Studio 2010\Projects\fan\fan\Debug\link.read.1.tlog
C:\Users\lenovo\Documents\Visual Studio 2010\Projects\fan\fan\Debug\link.write.1.tlog
C:\Users\lenovo\Documents\Visual Studio 2010\Projects\fan\fan\Debug\link-cvtres.read.1.tlog
C:\Users\lenovo\Documents\Visual Studio 2010\Projects\fan\fan\Debug\link-cvtres.write.1.tlog
C:\Users\lenovo\Documents\Visual Studio 2010\Projects\fan\fan\Debug\mt.command.1.tlog
C:\Users\lenovo\Documents\Visual Studio 2010\Projects\fan\fan\Debug\mt.read.1.tlog
C:\Users\lenovo\Documents\Visual Studio 2010\Projects\fan\fan\Debug\mt.write.1.tlog
C:\Users\lenovo\Documents\Visual Studio 2010\Projects\fan\fan\Debug\rc.command.1.tlog
C:\Users\lenovo\Documents\Visual Studio 2010\Projects\fan\fan\Debug\rc.read.1.tlog
C:\Users\lenovo\Documents\Visual Studio 2010\Projects\fan\fan\Debug\rc.write.1.tlog
C:\USERS\LENOVO\DOCUMENTS\VISUAL STUDIO 2010\PROJECTS\FAN\FAN\DEBUG\STDAFX.OBJ
C:\Users\lenovo\Documents\Visual Studio 2010\Projects\fan\fan\Debug\vc100.idb
C:\USERS\LENOVO\DOCUMENTS\VISUAL STUDIO 2010\PROJECTS\FAN\FAN\DEBUG\VC100.PDB
